<?xml version="1.0" encoding="UTF-8"?>
<!-- Generated by org.testng.reporters.JUnitReportReporter -->
<testsuite hostname="DESKTOP-8JJUN36" failures="0" tests="1" name="com.testNG.Ebay" time="4.357" errors="0" timestamp="30 Sep 2024 01:15:00 GMT" skipped="0">
  <testcase classname="com.testNG.Ebay" name="getUrl" time="4.357"/>
</testsuite> <!-- com.testNG.Ebay -->
