<?xml version="1.0" encoding="UTF-8"?>
<!-- Generated by org.testng.reporters.JUnitReportReporter -->
<testsuite hostname="DESKTOP-8JJUN36" failures="0" tests="2" name="cucumber.run.CucumberLoginRun" time="0.328" errors="0" timestamp="07 Oct 2024 15:16:26 GMT" skipped="0">
  <testcase classname="cucumber.run.CucumberLoginRun" name="runScenario" time="0.322"/>
  <testcase classname="cucumber.run.CucumberLoginRun" name="getTest" time="0.006"/>
</testsuite> <!-- cucumber.run.CucumberLoginRun -->
