<?xml version="1.0" encoding="UTF-8"?>
<!-- Generated by org.testng.reporters.JUnitReportReporter -->
<testsuite hostname="DESKTOP-8JJUN36" failures="0" tests="3" name="com.testNG.LogOutTestNG" time="0.021" errors="0" timestamp="24 Sep 2024 01:46:58 GMT" skipped="0">
  <testcase classname="com.testNG.LogOutTestNG" name="getSignUp" time="0.010"/>
  <testcase classname="com.testNG.LogOutTestNG" name="getLogin" time="0.006"/>
  <testcase classname="com.testNG.LogOutTestNG" name="getLogOut" time="0.005"/>
</testsuite> <!-- com.testNG.LogOutTestNG -->
