<?xml version="1.0" encoding="UTF-8"?>
<!-- Generated by org.testng.reporters.JUnitReportReporter -->
<testsuite hostname="DESKTOP-8JJUN36" failures="0" tests="1" name="com.testNG.LogiTestNG" time="0.009" errors="0" timestamp="19 Sep 2024 02:49:50 GMT" skipped="0">
  <testcase classname="com.testNG.LogiTestNG" name="getLogin" time="0.009"/>
</testsuite> <!-- com.testNG.LogiTestNG -->
